<?xml version="1.0" encoding="UTF-8"?>
<testsuite name="edu.umn.cs.csci3081w.lab11.PizzaShopWebServerTest" tests="3" skipped="0" failures="0" errors="0" timestamp="2020-12-11T04:36:45" hostname="Hyunjins-MacBook-Pro.local" time="0.947">
  <properties/>
  <testcase name="testMargheritaWithOlives()" classname="edu.umn.cs.csci3081w.lab11.PizzaShopWebServerTest" time="0.941"/>
  <testcase name="testOrderIsNotRight()" classname="edu.umn.cs.csci3081w.lab11.PizzaShopWebServerTest" time="0.003"/>
  <testcase name="testNoType()" classname="edu.umn.cs.csci3081w.lab11.PizzaShopWebServerTest" time="0.002"/>
  <system-out><![CDATA[]]></system-out>
  <system-err><![CDATA[]]></system-err>
</testsuite>
